2020-10-28 21:23:25,180 [Worker-4: Loading available Gradle versions] INFO  o.e.b.c.i.u.g.PublishedGradleVersions - Gradle version information cache is up-to-date. Trying to read.
2020-10-29 16:34:11,182 [Worker-2: Loading available Gradle versions] INFO  o.e.b.c.i.u.g.PublishedGradleVersions - Gradle version information cache is out-of-date. Trying to update.
2020-10-29 20:14:47,303 [Worker-0: Loading available Gradle versions] INFO  o.e.b.c.i.u.g.PublishedGradleVersions - Gradle version information cache is up-to-date. Trying to read.
2020-10-30 14:22:35,278 [Worker-0: Loading available Gradle versions] INFO  o.e.b.c.i.u.g.PublishedGradleVersions - Gradle version information cache is up-to-date. Trying to read.
2020-11-04 17:57:12,594 [Worker-2: Loading available Gradle versions] INFO  o.e.b.c.i.u.g.PublishedGradleVersions - Gradle version information cache is up-to-date. Trying to read.
2020-11-13 08:20:20,967 [Worker-3: Loading available Gradle versions] INFO  o.e.b.c.i.u.g.PublishedGradleVersions - Gradle version information cache is out-of-date. Trying to update.
2020-11-18 15:27:42,519 [Worker-5: Loading available Gradle versions] INFO  o.e.b.c.i.u.g.PublishedGradleVersions - Gradle version information cache is out-of-date. Trying to update.
2020-11-20 17:14:52,023 [Worker-7: Loading available Gradle versions] INFO  o.e.b.c.i.u.g.PublishedGradleVersions - Gradle version information cache is out-of-date. Trying to update.
2020-11-20 17:15:03,465 [Worker-7: Loading available Gradle versions] INFO  o.e.b.c.i.u.g.PublishedGradleVersions - Updating Gradle version information cache failed. Using outdated cache.
2021-01-10 11:48:45,084 [Worker-5: Loading available Gradle versions] INFO  o.e.b.c.i.u.g.PublishedGradleVersions - Gradle version information cache is out-of-date. Trying to update.
2021-01-10 12:19:26,759 [Worker-0: Loading available Gradle versions] INFO  o.e.b.c.i.u.g.PublishedGradleVersions - Gradle version information cache is up-to-date. Trying to read.
2021-01-13 09:56:43,852 [Worker-1: Loading available Gradle versions] INFO  o.e.b.c.i.u.g.PublishedGradleVersions - Gradle version information cache is out-of-date. Trying to update.
2021-01-13 09:57:56,783 [Worker-14: Importing Maven projects] INFO  o.e.m.c.i.l.LifecycleMappingFactory - Using org.eclipse.m2e.jdt.JarLifecycleMapping lifecycle mapping for MavenProject: com.everis:msManifiestoCargaDAL-api:0.0.1-SNAPSHOT @ C:\GIT\MS manifiesto carga\msmanifiestocarga\msManifiestoCargaDAL-api_newiwok\pom.xml.
2021-01-13 09:58:02,123 [Worker-14: Importing Maven projects] INFO  o.e.m.j.i.AbstractJavaProjectConfigurator - Adding source folder /msManifiestoCargaDAL-api/src/main/java
2021-01-13 09:58:02,125 [Worker-14: Importing Maven projects] INFO  o.e.m.j.i.AbstractJavaProjectConfigurator - Adding source folder /msManifiestoCargaDAL-api/src/test/java
2021-01-13 09:58:04,857 [Worker-14: Importing Maven projects] INFO  o.e.m.c.i.p.ProjectConfigurationManager - Imported and configured 1 project(s) in 11 sec
2021-01-13 09:58:10,975 [Worker-7: Building] INFO  o.e.m.c.i.embedder.EclipseLogger - Using 'UTF-8' encoding to copy filtered resources.
2021-01-13 09:58:10,978 [Worker-7: Building] INFO  o.e.m.c.i.embedder.EclipseLogger - skip non existing resourceDirectory C:\GIT\MS manifiesto carga\msmanifiestocarga\msManifiestoCargaDAL-api_newiwok\src\main\resources
2021-01-13 09:58:10,980 [Worker-7: Building] INFO  o.e.m.c.i.embedder.EclipseLogger - skip non existing resourceDirectory C:\GIT\MS manifiesto carga\msmanifiestocarga\msManifiestoCargaDAL-api_newiwok\src\main\resources
2021-01-13 09:58:10,987 [Worker-7: Building] INFO  o.e.m.c.i.embedder.EclipseLogger - Using 'UTF-8' encoding to copy filtered resources.
2021-01-13 09:58:10,987 [Worker-7: Building] INFO  o.e.m.c.i.embedder.EclipseLogger - skip non existing resourceDirectory C:\GIT\MS manifiesto carga\msmanifiestocarga\msManifiestoCargaDAL-api_newiwok\src\test\resources
2021-01-13 09:58:25,103 [Worker-6: Importing Maven projects] INFO  o.e.m.c.i.l.LifecycleMappingFactory - Using org.eclipse.m2e.jdt.JarLifecycleMapping lifecycle mapping for MavenProject: com.everis:msManifiestoCargaDAL:0.0.1-SNAPSHOT @ C:\GIT\MS manifiesto carga\msmanifiestocarga\msManifiestoCargaDAL_newiwok\pom.xml.
2021-01-13 09:58:27,511 [Worker-6: Importing Maven projects] INFO  o.e.m.c.i.p.WorkspaceClassifierResolverManager - Resolving P/msManifiestoCargaDAL-api: com.everis:msManifiestoCargaDAL-api:0.0.1-SNAPSHOT with classifier  to /msManifiestoCargaDAL-api/target/classes
2021-01-13 09:58:28,521 [Worker-6: Importing Maven projects] INFO  o.e.m.j.i.AbstractJavaProjectConfigurator - Adding source folder /msManifiestoCargaDAL/src/main/java
2021-01-13 09:58:28,522 [Worker-6: Importing Maven projects] INFO  o.e.m.j.i.AbstractJavaProjectConfigurator - Adding resource folder /msManifiestoCargaDAL/src/main/resources
2021-01-13 09:58:28,537 [Worker-6: Importing Maven projects] INFO  o.e.m.j.i.AbstractJavaProjectConfigurator - Adding resource folder /msManifiestoCargaDAL/src/main/resources
2021-01-13 09:58:28,551 [Worker-6: Importing Maven projects] INFO  o.e.m.j.i.AbstractJavaProjectConfigurator - Adding source folder /msManifiestoCargaDAL/src/test/java
2021-01-13 09:58:30,565 [Worker-6: Importing Maven projects] INFO  o.e.m.c.i.p.ProjectConfigurationManager - Imported and configured 1 project(s) in 6 sec
2021-01-13 09:58:37,810 [Worker-22: Building] INFO  o.e.m.c.i.p.WorkspaceClassifierResolverManager - Resolving P/msManifiestoCargaDAL-api: com.everis:msManifiestoCargaDAL-api:0.0.1-SNAPSHOT with classifier  to /msManifiestoCargaDAL-api/target/classes
2021-01-13 09:58:38,000 [Worker-22: Building] INFO  o.e.m.c.i.embedder.EclipseLogger - Using 'UTF-8' encoding to copy filtered resources.
2021-01-13 09:58:38,007 [Worker-22: Building] INFO  o.e.m.c.i.embedder.EclipseLogger - Copying 3 resources
2021-01-13 09:58:38,053 [Worker-22: Building] INFO  o.e.m.c.i.embedder.EclipseLogger - Copying 0 resource
2021-01-13 09:58:38,057 [Worker-22: Building] INFO  o.e.m.c.i.embedder.EclipseLogger - Using 'UTF-8' encoding to copy filtered resources.
2021-01-13 09:58:38,058 [Worker-22: Building] INFO  o.e.m.c.i.embedder.EclipseLogger - skip non existing resourceDirectory C:\GIT\MS manifiesto carga\msmanifiestocarga\msManifiestoCargaDAL_newiwok\src\test\resources
2021-01-13 09:58:50,866 [Worker-10: Importing Maven projects] INFO  o.e.m.c.i.l.LifecycleMappingFactory - Using org.eclipse.m2e.jdt.JarLifecycleMapping lifecycle mapping for MavenProject: com.everis:msManifiestoCargaBE-api:0.0.1-SNAPSHOT @ C:\GIT\MS manifiesto carga\msmanifiestocarga\msManifiestoCargaBE-api_newiwok\pom.xml.
2021-01-13 09:58:54,333 [Worker-10: Importing Maven projects] INFO  o.e.m.j.i.AbstractJavaProjectConfigurator - Adding source folder /msManifiestoCargaBE-api/src/main/java
2021-01-13 09:58:54,334 [Worker-10: Importing Maven projects] INFO  o.e.m.j.i.AbstractJavaProjectConfigurator - Adding resource folder /msManifiestoCargaBE-api/src/main/resources
2021-01-13 09:58:54,455 [Worker-10: Importing Maven projects] INFO  o.e.m.j.i.AbstractJavaProjectConfigurator - Adding resource folder /msManifiestoCargaBE-api/src/main/resources
2021-01-13 09:58:54,476 [Worker-10: Importing Maven projects] INFO  o.e.m.j.i.AbstractJavaProjectConfigurator - Adding source folder /msManifiestoCargaBE-api/src/test/java
2021-01-13 09:58:54,477 [Worker-10: Importing Maven projects] INFO  o.e.m.j.i.AbstractJavaProjectConfigurator - Adding resource folder /msManifiestoCargaBE-api/src/test/resources
2021-01-13 09:58:55,627 [Worker-10: Importing Maven projects] INFO  o.e.m.c.i.p.ProjectConfigurationManager - Imported and configured 1 project(s) in 5 sec
2021-01-13 09:59:01,277 [Worker-24: Building] INFO  o.e.m.c.i.embedder.EclipseLogger - Using 'UTF-8' encoding to copy filtered resources.
2021-01-13 09:59:01,278 [Worker-24: Building] INFO  o.e.m.c.i.embedder.EclipseLogger - Copying 0 resource
2021-01-13 09:59:01,280 [Worker-24: Building] INFO  o.e.m.c.i.embedder.EclipseLogger - Copying 1 resource
2021-01-13 09:59:01,294 [Worker-24: Building] INFO  o.e.m.c.i.embedder.EclipseLogger - Using 'UTF-8' encoding to copy filtered resources.
2021-01-13 09:59:01,296 [Worker-24: Building] INFO  o.e.m.c.i.embedder.EclipseLogger - Copying 1 resource
2021-01-13 09:59:14,341 [Worker-23: Importing Maven projects] INFO  o.e.m.c.i.l.LifecycleMappingFactory - Using org.eclipse.m2e.jdt.JarLifecycleMapping lifecycle mapping for MavenProject: com.everis:msManifiestoCargaBE:0.0.1-SNAPSHOT @ C:\GIT\MS manifiesto carga\msmanifiestocarga\msManifiestoCargaBE_newiwok\pom.xml.
2021-01-13 09:59:16,985 [Worker-23: Importing Maven projects] INFO  o.e.m.c.i.p.WorkspaceClassifierResolverManager - Resolving P/msManifiestoCargaBE-api: com.everis:msManifiestoCargaBE-api:0.0.1-SNAPSHOT with classifier  to /msManifiestoCargaBE-api/target/classes
2021-01-13 09:59:20,845 [Worker-23: Importing Maven projects] INFO  o.e.m.j.i.AbstractJavaProjectConfigurator - Adding source folder /msManifiestoCargaBE/src/main/java
2021-01-13 09:59:20,846 [Worker-23: Importing Maven projects] INFO  o.e.m.j.i.AbstractJavaProjectConfigurator - Adding resource folder /msManifiestoCargaBE/src/main/resources
2021-01-13 09:59:20,868 [Worker-23: Importing Maven projects] INFO  o.e.m.j.i.AbstractJavaProjectConfigurator - Adding resource folder /msManifiestoCargaBE/src/main/resources
2021-01-13 09:59:20,892 [Worker-23: Importing Maven projects] INFO  o.e.m.j.i.AbstractJavaProjectConfigurator - Adding source folder /msManifiestoCargaBE/src/test/java
2021-01-13 09:59:23,500 [Worker-23: Importing Maven projects] INFO  o.e.m.c.i.p.ProjectConfigurationManager - Imported and configured 1 project(s) in 10 sec
2021-01-13 09:59:33,818 [Worker-13: Building] INFO  o.e.m.c.i.p.WorkspaceClassifierResolverManager - Resolving P/msManifiestoCargaBE-api: com.everis:msManifiestoCargaBE-api:0.0.1-SNAPSHOT with classifier  to /msManifiestoCargaBE-api/target/classes
2021-01-13 09:59:34,017 [Worker-13: Building] INFO  o.e.m.c.i.embedder.EclipseLogger - Using 'UTF-8' encoding to copy filtered resources.
2021-01-13 09:59:34,020 [Worker-13: Building] INFO  o.e.m.c.i.embedder.EclipseLogger - Copying 3 resources
2021-01-13 09:59:34,044 [Worker-13: Building] INFO  o.e.m.c.i.embedder.EclipseLogger - Copying 0 resource
2021-01-13 09:59:34,050 [Worker-13: Building] INFO  o.e.m.c.i.embedder.EclipseLogger - Using 'UTF-8' encoding to copy filtered resources.
2021-01-13 09:59:34,050 [Worker-13: Building] INFO  o.e.m.c.i.embedder.EclipseLogger - skip non existing resourceDirectory C:\GIT\MS manifiesto carga\msmanifiestocarga\msManifiestoCargaBE_newiwok\src\test\resources
2021-01-13 10:13:23,127 [Worker-0: Building] INFO  o.e.m.c.i.embedder.EclipseLogger - Using 'UTF-8' encoding to copy filtered resources.
2021-01-13 10:13:23,131 [Worker-0: Building] INFO  o.e.m.c.i.embedder.EclipseLogger - Copying 0 resource
2021-01-13 10:13:23,132 [Worker-0: Building] INFO  o.e.m.c.i.embedder.EclipseLogger - Copying 0 resource
2021-01-13 10:13:23,135 [Worker-0: Building] INFO  o.e.m.c.i.embedder.EclipseLogger - Using 'UTF-8' encoding to copy filtered resources.
2021-01-13 10:13:23,136 [Worker-0: Building] INFO  o.e.m.c.i.embedder.EclipseLogger - Copying 0 resource
2021-01-13 10:13:23,203 [Worker-0: Building] INFO  o.e.m.c.i.embedder.EclipseLogger - Using 'UTF-8' encoding to copy filtered resources.
2021-01-13 10:13:23,205 [Worker-0: Building] INFO  o.e.m.c.i.embedder.EclipseLogger - Copying 0 resource
2021-01-13 10:13:23,205 [Worker-0: Building] INFO  o.e.m.c.i.embedder.EclipseLogger - Copying 0 resource
2021-01-13 10:13:23,209 [Worker-0: Building] INFO  o.e.m.c.i.embedder.EclipseLogger - Using 'UTF-8' encoding to copy filtered resources.
2021-01-13 10:13:23,211 [Worker-0: Building] INFO  o.e.m.c.i.embedder.EclipseLogger - skip non existing resourceDirectory C:\GIT\MS manifiesto carga\msmanifiestocarga\msManifiestoCargaBE_newiwok\src\test\resources
2021-01-13 10:13:23,240 [Worker-0: Building] INFO  o.e.m.c.i.embedder.EclipseLogger - Using 'UTF-8' encoding to copy filtered resources.
2021-01-13 10:13:23,240 [Worker-0: Building] INFO  o.e.m.c.i.embedder.EclipseLogger - skip non existing resourceDirectory C:\GIT\MS manifiesto carga\msmanifiestocarga\msManifiestoCargaDAL-api_newiwok\src\main\resources
2021-01-13 10:13:23,241 [Worker-0: Building] INFO  o.e.m.c.i.embedder.EclipseLogger - skip non existing resourceDirectory C:\GIT\MS manifiesto carga\msmanifiestocarga\msManifiestoCargaDAL-api_newiwok\src\main\resources
2021-01-13 10:13:23,244 [Worker-0: Building] INFO  o.e.m.c.i.embedder.EclipseLogger - Using 'UTF-8' encoding to copy filtered resources.
2021-01-13 10:13:23,244 [Worker-0: Building] INFO  o.e.m.c.i.embedder.EclipseLogger - skip non existing resourceDirectory C:\GIT\MS manifiesto carga\msmanifiestocarga\msManifiestoCargaDAL-api_newiwok\src\test\resources
2021-01-13 10:13:23,313 [Worker-0: Building] INFO  o.e.m.c.i.embedder.EclipseLogger - Using 'UTF-8' encoding to copy filtered resources.
2021-01-13 10:13:23,314 [Worker-0: Building] INFO  o.e.m.c.i.embedder.EclipseLogger - Copying 0 resource
2021-01-13 10:13:23,315 [Worker-0: Building] INFO  o.e.m.c.i.embedder.EclipseLogger - Copying 0 resource
2021-01-13 10:13:23,322 [Worker-0: Building] INFO  o.e.m.c.i.embedder.EclipseLogger - Using 'UTF-8' encoding to copy filtered resources.
2021-01-13 10:13:23,322 [Worker-0: Building] INFO  o.e.m.c.i.embedder.EclipseLogger - skip non existing resourceDirectory C:\GIT\MS manifiesto carga\msmanifiestocarga\msManifiestoCargaDAL_newiwok\src\test\resources
2021-01-14 09:26:39,374 [Worker-3: Loading available Gradle versions] INFO  o.e.b.c.i.u.g.PublishedGradleVersions - Gradle version information cache is up-to-date. Trying to read.
